<?xml version="1.0" encoding="UTF-8"?>
<testsuite xmlns:xsi="http://www.w3.org/2001/XMLSchema-instance" xsi:noNamespaceSchemaLocation="https://maven.apache.org/surefire/maven-surefire-plugin/xsd/surefire-test-report-3.0.xsd" version="3.0" name="adt.bst.StudentBSTTest" time="0.023" tests="7" errors="0" skipped="0" failures="0">
  <properties>
    <property name="java.specification.version" value="24"/>
    <property name="sun.jnu.encoding" value="UTF-8"/>
    <property name="java.class.path" value="/Users/yasmimdantas/roteiro11/R11-01-Rot-BST-environment/target/test-classes:/Users/yasmimdantas/roteiro11/R11-01-Rot-BST-environment/target/classes:/Users/yasmimdantas/.m2/repository/junit/junit/4.13.1/junit-4.13.1.jar:/Users/yasmimdantas/.m2/repository/org/hamcrest/hamcrest-core/1.3/hamcrest-core-1.3.jar:"/>
    <property name="java.vm.vendor" value="Oracle Corporation"/>
    <property name="sun.arch.data.model" value="64"/>
    <property name="java.vendor.url" value="https://java.oracle.com/"/>
    <property name="os.name" value="Mac OS X"/>
    <property name="java.vm.specification.version" value="24"/>
    <property name="sun.java.launcher" value="SUN_STANDARD"/>
    <property name="user.country" value="BR"/>
    <property name="sun.boot.library.path" value="/Users/yasmimdantas/dev/java/jdk-24.0.1.jdk/Contents/Home/lib"/>
    <property name="sun.java.command" value="/Users/yasmimdantas/roteiro11/R11-01-Rot-BST-environment/target/surefire/surefirebooter-20250902183546809_3.jar /Users/yasmimdantas/roteiro11/R11-01-Rot-BST-environment/target/surefire 2025-09-02T18-35-46_769-jvmRun1 surefire-20250902183546809_1tmp surefire_0-20250902183546809_2tmp"/>
    <property name="http.nonProxyHosts" value="local|*.local|169.254/16|*.169.254/16"/>
    <property name="jdk.debug" value="release"/>
    <property name="surefire.test.class.path" value="/Users/yasmimdantas/roteiro11/R11-01-Rot-BST-environment/target/test-classes:/Users/yasmimdantas/roteiro11/R11-01-Rot-BST-environment/target/classes:/Users/yasmimdantas/.m2/repository/junit/junit/4.13.1/junit-4.13.1.jar:/Users/yasmimdantas/.m2/repository/org/hamcrest/hamcrest-core/1.3/hamcrest-core-1.3.jar:"/>
    <property name="sun.cpu.endian" value="little"/>
    <property name="user.home" value="/Users/yasmimdantas"/>
    <property name="user.language" value="pt"/>
    <property name="java.specification.vendor" value="Oracle Corporation"/>
    <property name="java.version.date" value="2025-04-15"/>
    <property name="java.home" value="/Users/yasmimdantas/dev/java/jdk-24.0.1.jdk/Contents/Home"/>
    <property name="file.separator" value="/"/>
    <property name="basedir" value="/Users/yasmimdantas/roteiro11/R11-01-Rot-BST-environment"/>
    <property name="java.vm.compressedOopsMode" value="Zero based"/>
    <property name="line.separator" value="&#10;"/>
    <property name="java.vm.specification.vendor" value="Oracle Corporation"/>
    <property name="java.specification.name" value="Java Platform API Specification"/>
    <property name="apple.awt.application.name" value="ForkedBooter"/>
    <property name="surefire.real.class.path" value="/Users/yasmimdantas/roteiro11/R11-01-Rot-BST-environment/target/surefire/surefirebooter-20250902183546809_3.jar"/>
    <property name="sun.management.compiler" value="HotSpot 64-Bit Tiered Compilers"/>
    <property name="ftp.nonProxyHosts" value="local|*.local|169.254/16|*.169.254/16"/>
    <property name="java.runtime.version" value="24.0.1+9-30"/>
    <property name="user.name" value="yasmimdantas"/>
    <property name="stdout.encoding" value="UTF-8"/>
    <property name="path.separator" value=":"/>
    <property name="os.version" value="14.6.1"/>
    <property name="java.runtime.name" value="OpenJDK Runtime Environment"/>
    <property name="file.encoding" value="UTF-8"/>
    <property name="java.vm.name" value="OpenJDK 64-Bit Server VM"/>
    <property name="localRepository" value="/Users/yasmimdantas/.m2/repository"/>
    <property name="java.vendor.url.bug" value="https://bugreport.java.com/bugreport/"/>
    <property name="java.io.tmpdir" value="/var/folders/vx/4n359rts3p3c35w3py5m42f80000gn/T/"/>
    <property name="java.version" value="24.0.1"/>
    <property name="user.dir" value="/Users/yasmimdantas/roteiro11/R11-01-Rot-BST-environment"/>
    <property name="os.arch" value="aarch64"/>
    <property name="java.vm.specification.name" value="Java Virtual Machine Specification"/>
    <property name="native.encoding" value="UTF-8"/>
    <property name="java.library.path" value="/Users/yasmimdantas/Library/Java/Extensions:/Library/Java/Extensions:/Network/Library/Java/Extensions:/System/Library/Java/Extensions:/usr/lib/java:."/>
    <property name="java.vm.info" value="mixed mode, sharing"/>
    <property name="stderr.encoding" value="UTF-8"/>
    <property name="java.vendor" value="Oracle Corporation"/>
    <property name="java.vm.version" value="24.0.1+9-30"/>
    <property name="sun.io.unicode.encoding" value="UnicodeBig"/>
    <property name="socksNonProxyHosts" value="local|*.local|169.254/16|*.169.254/16"/>
    <property name="java.class.version" value="68.0"/>
  </properties>
  <testcase name="testSucessorPredecessor" classname="adt.bst.StudentBSTTest" time="0.003"/>
  <testcase name="testInit" classname="adt.bst.StudentBSTTest" time="0.0"/>
  <testcase name="testSize" classname="adt.bst.StudentBSTTest" time="0.0"/>
  <testcase name="testHeight" classname="adt.bst.StudentBSTTest" time="0.0"/>
  <testcase name="testMinMax" classname="adt.bst.StudentBSTTest" time="0.0"/>
  <testcase name="testRemove" classname="adt.bst.StudentBSTTest" time="0.0"/>
  <testcase name="testSearch" classname="adt.bst.StudentBSTTest" time="0.0"/>
</testsuite>